Sender: LSF System <lsfadmin@lc07e08>
Subject: Job 238822634: <ic50_rf_pipeline> in cluster <chimera> Exited

Job <ic50_rf_pipeline> was submitted from host <lg03a01> by user <cuiz02> in cluster <chimera> at Mon Apr 20 23:35:20 2026
Job was executed on host(s) <8*lc07e08>, in queue <premium>, as user <cuiz02> in cluster <chimera> at Mon Apr 20 23:40:10 2026
</hpc/users/cuiz02> was used as the home directory.
</sc/arion/projects/lin_lab/complexbehavior/drug_efficacy> was used as the working directory.
Started at Mon Apr 20 23:40:10 2026
Terminated at Mon Apr 20 23:57:12 2026
Results reported at Mon Apr 20 23:57:12 2026

Your job looked like:

------------------------------------------------------------
# LSBATCH: User input
bash /sc/arion/projects/lin_lab/complexbehavior/drug_efficacy/train/run_ic50_pipeline.sh
------------------------------------------------------------

TERM_OWNER: job killed by owner.
Exited with exit code 130.

Resource usage summary:

    CPU time :                                   7469.25 sec.
    Max Memory :                                 8358 MB
    Average Memory :                             7970.49 MB
    Total Requested Memory :                     1048576.00 MB
    Delta Memory :                               1040218.00 MB
    Max Swap :                                   -
    Max Processes :                              4
    Max Threads :                                17
    Run time :                                   1022 sec.
    Turnaround time :                            1312 sec.

The output (if any) follows:

[23:40:10] ROOT=/sc/arion/projects/lin_lab/complexbehavior/drug_efficacy
[23:40:10] PAIRS_FILE=pairs_ic50.csv  RESULTS_ROOT=results_ic50  N_JOBS=8
[23:40:10] === 1. tune_max_depth.py ===
Loading data...
X: (181811, 2024), y: (181811,)
  1/20: max_depth=1
  2/20: max_depth=2
  3/20: max_depth=3
  4/20: max_depth=4
  5/20: max_depth=5
  6/20: max_depth=6
  7/20: max_depth=7


PS:

Read file </sc/arion/projects/lin_lab/complexbehavior/drug_efficacy/train/logs/ic50-pipeline.238822634.err> for stderr output of this job.

